6.1s 1 [NbConvertApp] Converting notebook __notebook__.ipynb to notebook
6.2s 2 [NbConvertApp] Executing notebook with kernel: python3
26.3s 3 [NbConvertApp] Writing 388030 bytes to __notebook__.ipynb
28.3s 4 [NbConvertApp] Converting notebook __notebook__.ipynb to html
28.9s 5 [NbConvertApp] Support files will be in __results___files/
[NbConvertApp] Making directory __results___files
28.9s 6 [NbConvertApp] Making directory __results___files
[NbConvertApp] Making directory __results___files
[NbConvertApp] Making directory __results___files
[NbConvertApp] Making directory __results___files
[NbConvertApp] Making directory __results___files
[NbConvertApp] Making directory __results___files
[NbConvertApp] Making directory __results___files
[NbConvertApp] Making directory __results___files
[NbConvertApp] Making directory __results___files
[NbConvertApp] Making directory __results___files
[NbConvertApp] Making directory __results___files
[NbConvertApp] Making directory __results___files
[NbConvertApp] Making directory __results___files
[NbConvertApp] Making directory __results___files
[NbConvertApp] Making directory __results___files
[NbConvertApp] Making directory __results___files
[NbConvertApp] Writing 395501 bytes to __results__.html